<?xml version="1.0" encoding="UTF-8"?>
<testsuite xmlns:xsi="http://www.w3.org/2001/XMLSchema-instance" xsi:noNamespaceSchemaLocation="https://maven.apache.org/surefire/maven-surefire-plugin/xsd/surefire-test-report.xsd" version="3.0.2" name="TEST_RUNNER.TEST_RUNNER" time="20.717" tests="6" errors="0" skipped="0" failures="0">
  <properties>
    <property name="java.specification.version" value="17"/>
    <property name="sun.cpu.isalist" value="amd64"/>
    <property name="sun.jnu.encoding" value="Cp1252"/>
    <property name="java.class.path" value="C:\Users\Gulnar\Desktop\Automation Notes\FRAMEWORK IMPLEMENTED_VERY_VERY_IMP\BDD CUCUMBER PROJECT 1\COMPLETE PROJECTS CODE\target\test-classes;C:\Users\Gulnar\Desktop\Automation Notes\FRAMEWORK IMPLEMENTED_VERY_VERY_IMP\BDD CUCUMBER PROJECT 1\COMPLETE PROJECTS CODE\target\classes;C:\Users\Gulnar\.m2\repository\io\cucumber\cucumber-core\7.0.0\cucumber-core-7.0.0.jar;C:\Users\Gulnar\.m2\repository\io\cucumber\cucumber-gherkin\7.0.0\cucumber-gherkin-7.0.0.jar;C:\Users\Gulnar\.m2\repository\io\cucumber\cucumber-gherkin-messages\7.0.0\cucumber-gherkin-messages-7.0.0.jar;C:\Users\Gulnar\.m2\repository\io\cucumber\messages\17.1.1\messages-17.1.1.jar;C:\Users\Gulnar\.m2\repository\io\cucumber\tag-expressions\4.0.2\tag-expressions-4.0.2.jar;C:\Users\Gulnar\.m2\repository\io\cucumber\cucumber-expressions\13.0.1\cucumber-expressions-13.0.1.jar;C:\Users\Gulnar\.m2\repository\io\cucumber\datatable\7.0.0\datatable-7.0.0.jar;C:\Users\Gulnar\.m2\repository\io\cucumber\cucumber-plugin\7.0.0\cucumber-plugin-7.0.0.jar;C:\Users\Gulnar\.m2\repository\io\cucumber\docstring\7.0.0\docstring-7.0.0.jar;C:\Users\Gulnar\.m2\repository\io\cucumber\html-formatter\17.0.0\html-formatter-17.0.0.jar;C:\Users\Gulnar\.m2\repository\io\cucumber\create-meta\6.0.1\create-meta-6.0.1.jar;C:\Users\Gulnar\.m2\repository\org\apiguardian\apiguardian-api\1.1.2\apiguardian-api-1.1.2.jar;C:\Users\Gulnar\.m2\repository\io\cucumber\cucumber-html\0.2.7\cucumber-html-0.2.7.jar;C:\Users\Gulnar\.m2\repository\net\sourceforge\cobertura\cobertura\1.9.4.1\cobertura-1.9.4.1.jar;C:\Users\Gulnar\.m2\repository\oro\oro\2.0.8\oro-2.0.8.jar;C:\Users\Gulnar\.m2\repository\asm\asm\3.0\asm-3.0.jar;C:\Users\Gulnar\.m2\repository\asm\asm-tree\3.0\asm-tree-3.0.jar;C:\Users\Gulnar\.m2\repository\org\apache\ant\ant\1.7.0\ant-1.7.0.jar;C:\Users\Gulnar\.m2\repository\org\apache\ant\ant-launcher\1.7.0\ant-launcher-1.7.0.jar;C:\Users\Gulnar\.m2\repository\io\cucumber\cucumber-java\7.0.0\cucumber-java-7.0.0.jar;C:\Users\Gulnar\.m2\repository\io\cucumber\cucumber-junit\7.0.0\cucumber-junit-7.0.0.jar;C:\Users\Gulnar\.m2\repository\io\cucumber\cucumber-jvm-deps\1.0.6\cucumber-jvm-deps-1.0.6.jar;C:\Users\Gulnar\.m2\repository\net\masterthought\cucumber-reporting\5.7.5\cucumber-reporting-5.7.5.jar;C:\Users\Gulnar\.m2\repository\com\fasterxml\jackson\core\jackson-databind\2.13.2.2\jackson-databind-2.13.2.2.jar;C:\Users\Gulnar\.m2\repository\com\fasterxml\jackson\core\jackson-annotations\2.13.2\jackson-annotations-2.13.2.jar;C:\Users\Gulnar\.m2\repository\com\fasterxml\jackson\core\jackson-core\2.13.2\jackson-core-2.13.2.jar;C:\Users\Gulnar\.m2\repository\com\fasterxml\jackson\datatype\jackson-datatype-jsr310\2.13.2\jackson-datatype-jsr310-2.13.2.jar;C:\Users\Gulnar\.m2\repository\org\apache\velocity\velocity-engine-core\2.3\velocity-engine-core-2.3.jar;C:\Users\Gulnar\.m2\repository\org\slf4j\slf4j-api\1.7.30\slf4j-api-1.7.30.jar;C:\Users\Gulnar\.m2\repository\org\apache\commons\commons-collections4\4.4\commons-collections4-4.4.jar;C:\Users\Gulnar\.m2\repository\joda-time\joda-time\2.12.2\joda-time-2.12.2.jar;C:\Users\Gulnar\.m2\repository\org\apache\commons\commons-lang3\3.12.0\commons-lang3-3.12.0.jar;C:\Users\Gulnar\.m2\repository\commons-io\commons-io\2.7\commons-io-2.7.jar;C:\Users\Gulnar\.m2\repository\org\codehaus\plexus\plexus-utils\3.5.0\plexus-utils-3.5.0.jar;C:\Users\Gulnar\.m2\repository\org\jsoup\jsoup\1.15.4\jsoup-1.15.4.jar;C:\Users\Gulnar\.m2\repository\com\googlecode\owasp-java-html-sanitizer\owasp-java-html-sanitizer\20220608.1\owasp-java-html-sanitizer-20220608.1.jar;C:\Users\Gulnar\.m2\repository\com\google\guava\guava\30.1-jre\guava-30.1-jre.jar;C:\Users\Gulnar\.m2\repository\com\google\guava\failureaccess\1.0.1\failureaccess-1.0.1.jar;C:\Users\Gulnar\.m2\repository\com\google\guava\listenablefuture\9999.0-empty-to-avoid-conflict-with-guava\listenablefuture-9999.0-empty-to-avoid-conflict-with-guava.jar;C:\Users\Gulnar\.m2\repository\com\google\code\findbugs\jsr305\3.0.2\jsr305-3.0.2.jar;C:\Users\Gulnar\.m2\repository\org\checkerframework\checker-qual\3.5.0\checker-qual-3.5.0.jar;C:\Users\Gulnar\.m2\repository\com\google\errorprone\error_prone_annotations\2.3.4\error_prone_annotations-2.3.4.jar;C:\Users\Gulnar\.m2\repository\com\google\j2objc\j2objc-annotations\1.3\j2objc-annotations-1.3.jar;C:\Users\Gulnar\.m2\repository\commons-configuration\commons-configuration\1.10\commons-configuration-1.10.jar;C:\Users\Gulnar\.m2\repository\commons-lang\commons-lang\2.6\commons-lang-2.6.jar;C:\Users\Gulnar\.m2\repository\commons-logging\commons-logging\1.1.1\commons-logging-1.1.1.jar;C:\Users\Gulnar\.m2\repository\org\hamcrest\hamcrest-core\1.3\hamcrest-core-1.3.jar;C:\Users\Gulnar\.m2\repository\junit\junit\4.13.1\junit-4.13.1.jar;C:\Users\Gulnar\.m2\repository\org\seleniumhq\selenium\selenium-java\4.20.0\selenium-java-4.20.0.jar;C:\Users\Gulnar\.m2\repository\org\seleniumhq\selenium\selenium-api\4.20.0\selenium-api-4.20.0.jar;C:\Users\Gulnar\.m2\repository\org\seleniumhq\selenium\selenium-chrome-driver\4.20.0\selenium-chrome-driver-4.20.0.jar;C:\Users\Gulnar\.m2\repository\com\google\auto\service\auto-service-annotations\1.1.1\auto-service-annotations-1.1.1.jar;C:\Users\Gulnar\.m2\repository\org\seleniumhq\selenium\selenium-chromium-driver\4.20.0\selenium-chromium-driver-4.20.0.jar;C:\Users\Gulnar\.m2\repository\org\seleniumhq\selenium\selenium-json\4.20.0\selenium-json-4.20.0.jar;C:\Users\Gulnar\.m2\repository\org\seleniumhq\selenium\selenium-manager\4.20.0\selenium-manager-4.20.0.jar;C:\Users\Gulnar\.m2\repository\org\seleniumhq\selenium\selenium-devtools-v122\4.20.0\selenium-devtools-v122-4.20.0.jar;C:\Users\Gulnar\.m2\repository\org\seleniumhq\selenium\selenium-devtools-v123\4.20.0\selenium-devtools-v123-4.20.0.jar;C:\Users\Gulnar\.m2\repository\org\seleniumhq\selenium\selenium-devtools-v124\4.20.0\selenium-devtools-v124-4.20.0.jar;C:\Users\Gulnar\.m2\repository\org\seleniumhq\selenium\selenium-devtools-v85\4.20.0\selenium-devtools-v85-4.20.0.jar;C:\Users\Gulnar\.m2\repository\org\seleniumhq\selenium\selenium-edge-driver\4.20.0\selenium-edge-driver-4.20.0.jar;C:\Users\Gulnar\.m2\repository\org\seleniumhq\selenium\selenium-firefox-driver\4.20.0\selenium-firefox-driver-4.20.0.jar;C:\Users\Gulnar\.m2\repository\org\seleniumhq\selenium\selenium-http\4.20.0\selenium-http-4.20.0.jar;C:\Users\Gulnar\.m2\repository\dev\failsafe\failsafe\3.3.2\failsafe-3.3.2.jar;C:\Users\Gulnar\.m2\repository\org\seleniumhq\selenium\selenium-ie-driver\4.20.0\selenium-ie-driver-4.20.0.jar;C:\Users\Gulnar\.m2\repository\org\seleniumhq\selenium\selenium-remote-driver\4.20.0\selenium-remote-driver-4.20.0.jar;C:\Users\Gulnar\.m2\repository\io\opentelemetry\semconv\opentelemetry-semconv\1.25.0-alpha\opentelemetry-semconv-1.25.0-alpha.jar;C:\Users\Gulnar\.m2\repository\io\opentelemetry\opentelemetry-api\1.37.0\opentelemetry-api-1.37.0.jar;C:\Users\Gulnar\.m2\repository\io\opentelemetry\opentelemetry-context\1.37.0\opentelemetry-context-1.37.0.jar;C:\Users\Gulnar\.m2\repository\io\opentelemetry\opentelemetry-exporter-logging\1.37.0\opentelemetry-exporter-logging-1.37.0.jar;C:\Users\Gulnar\.m2\repository\io\opentelemetry\opentelemetry-sdk-common\1.37.0\opentelemetry-sdk-common-1.37.0.jar;C:\Users\Gulnar\.m2\repository\io\opentelemetry\opentelemetry-sdk-extension-autoconfigure-spi\1.37.0\opentelemetry-sdk-extension-autoconfigure-spi-1.37.0.jar;C:\Users\Gulnar\.m2\repository\io\opentelemetry\opentelemetry-sdk-extension-autoconfigure\1.37.0\opentelemetry-sdk-extension-autoconfigure-1.37.0.jar;C:\Users\Gulnar\.m2\repository\io\opentelemetry\opentelemetry-api-incubator\1.37.0-alpha\opentelemetry-api-incubator-1.37.0-alpha.jar;C:\Users\Gulnar\.m2\repository\io\opentelemetry\opentelemetry-sdk-trace\1.37.0\opentelemetry-sdk-trace-1.37.0.jar;C:\Users\Gulnar\.m2\repository\io\opentelemetry\opentelemetry-sdk\1.37.0\opentelemetry-sdk-1.37.0.jar;C:\Users\Gulnar\.m2\repository\io\opentelemetry\opentelemetry-sdk-metrics\1.37.0\opentelemetry-sdk-metrics-1.37.0.jar;C:\Users\Gulnar\.m2\repository\io\opentelemetry\opentelemetry-sdk-logs\1.37.0\opentelemetry-sdk-logs-1.37.0.jar;C:\Users\Gulnar\.m2\repository\net\bytebuddy\byte-buddy\1.14.14\byte-buddy-1.14.14.jar;C:\Users\Gulnar\.m2\repository\org\seleniumhq\selenium\selenium-os\4.20.0\selenium-os-4.20.0.jar;C:\Users\Gulnar\.m2\repository\org\apache\commons\commons-exec\1.4.0\commons-exec-1.4.0.jar;C:\Users\Gulnar\.m2\repository\org\seleniumhq\selenium\selenium-safari-driver\4.20.0\selenium-safari-driver-4.20.0.jar;C:\Users\Gulnar\.m2\repository\org\seleniumhq\selenium\selenium-support\4.20.0\selenium-support-4.20.0.jar;C:\JARS\tools.jar;C:\Users\Gulnar\.m2\repository\log4j\log4j\1.2.14\log4j-1.2.14.jar;"/>
    <property name="java.vm.vendor" value="Eclipse Adoptium"/>
    <property name="sun.arch.data.model" value="64"/>
    <property name="user.variant" value=""/>
    <property name="java.vendor.url" value="https://adoptium.net/"/>
    <property name="user.timezone" value="Asia/Calcutta"/>
    <property name="os.name" value="Windows 10"/>
    <property name="java.vm.specification.version" value="17"/>
    <property name="sun.java.launcher" value="SUN_STANDARD"/>
    <property name="user.country" value="IN"/>
    <property name="sun.boot.library.path" value="D:\ECLIPSE NEW VERSION\eclipse\plugins\org.eclipse.justj.openjdk.hotspot.jre.full.win32.x86_64_17.0.4.v20220903-1038\jre\bin"/>
    <property name="sun.java.command" value="C:\Users\Gulnar\AppData\Local\Temp\surefire13463081756806137371\surefirebooter-20240829141408223_3.jar C:\Users\Gulnar\AppData\Local\Temp\surefire13463081756806137371 2024-08-29T14-14-07_560-jvmRun1 surefire-20240829141408223_1tmp surefire_0-20240829141408223_2tmp"/>
    <property name="jdk.debug" value="release"/>
    <property name="surefire.test.class.path" value="C:\Users\Gulnar\Desktop\Automation Notes\FRAMEWORK IMPLEMENTED_VERY_VERY_IMP\BDD CUCUMBER PROJECT 1\COMPLETE PROJECTS CODE\target\test-classes;C:\Users\Gulnar\Desktop\Automation Notes\FRAMEWORK IMPLEMENTED_VERY_VERY_IMP\BDD CUCUMBER PROJECT 1\COMPLETE PROJECTS CODE\target\classes;C:\Users\Gulnar\.m2\repository\io\cucumber\cucumber-core\7.0.0\cucumber-core-7.0.0.jar;C:\Users\Gulnar\.m2\repository\io\cucumber\cucumber-gherkin\7.0.0\cucumber-gherkin-7.0.0.jar;C:\Users\Gulnar\.m2\repository\io\cucumber\cucumber-gherkin-messages\7.0.0\cucumber-gherkin-messages-7.0.0.jar;C:\Users\Gulnar\.m2\repository\io\cucumber\messages\17.1.1\messages-17.1.1.jar;C:\Users\Gulnar\.m2\repository\io\cucumber\tag-expressions\4.0.2\tag-expressions-4.0.2.jar;C:\Users\Gulnar\.m2\repository\io\cucumber\cucumber-expressions\13.0.1\cucumber-expressions-13.0.1.jar;C:\Users\Gulnar\.m2\repository\io\cucumber\datatable\7.0.0\datatable-7.0.0.jar;C:\Users\Gulnar\.m2\repository\io\cucumber\cucumber-plugin\7.0.0\cucumber-plugin-7.0.0.jar;C:\Users\Gulnar\.m2\repository\io\cucumber\docstring\7.0.0\docstring-7.0.0.jar;C:\Users\Gulnar\.m2\repository\io\cucumber\html-formatter\17.0.0\html-formatter-17.0.0.jar;C:\Users\Gulnar\.m2\repository\io\cucumber\create-meta\6.0.1\create-meta-6.0.1.jar;C:\Users\Gulnar\.m2\repository\org\apiguardian\apiguardian-api\1.1.2\apiguardian-api-1.1.2.jar;C:\Users\Gulnar\.m2\repository\io\cucumber\cucumber-html\0.2.7\cucumber-html-0.2.7.jar;C:\Users\Gulnar\.m2\repository\net\sourceforge\cobertura\cobertura\1.9.4.1\cobertura-1.9.4.1.jar;C:\Users\Gulnar\.m2\repository\oro\oro\2.0.8\oro-2.0.8.jar;C:\Users\Gulnar\.m2\repository\asm\asm\3.0\asm-3.0.jar;C:\Users\Gulnar\.m2\repository\asm\asm-tree\3.0\asm-tree-3.0.jar;C:\Users\Gulnar\.m2\repository\org\apache\ant\ant\1.7.0\ant-1.7.0.jar;C:\Users\Gulnar\.m2\repository\org\apache\ant\ant-launcher\1.7.0\ant-launcher-1.7.0.jar;C:\Users\Gulnar\.m2\repository\io\cucumber\cucumber-java\7.0.0\cucumber-java-7.0.0.jar;C:\Users\Gulnar\.m2\repository\io\cucumber\cucumber-junit\7.0.0\cucumber-junit-7.0.0.jar;C:\Users\Gulnar\.m2\repository\io\cucumber\cucumber-jvm-deps\1.0.6\cucumber-jvm-deps-1.0.6.jar;C:\Users\Gulnar\.m2\repository\net\masterthought\cucumber-reporting\5.7.5\cucumber-reporting-5.7.5.jar;C:\Users\Gulnar\.m2\repository\com\fasterxml\jackson\core\jackson-databind\2.13.2.2\jackson-databind-2.13.2.2.jar;C:\Users\Gulnar\.m2\repository\com\fasterxml\jackson\core\jackson-annotations\2.13.2\jackson-annotations-2.13.2.jar;C:\Users\Gulnar\.m2\repository\com\fasterxml\jackson\core\jackson-core\2.13.2\jackson-core-2.13.2.jar;C:\Users\Gulnar\.m2\repository\com\fasterxml\jackson\datatype\jackson-datatype-jsr310\2.13.2\jackson-datatype-jsr310-2.13.2.jar;C:\Users\Gulnar\.m2\repository\org\apache\velocity\velocity-engine-core\2.3\velocity-engine-core-2.3.jar;C:\Users\Gulnar\.m2\repository\org\slf4j\slf4j-api\1.7.30\slf4j-api-1.7.30.jar;C:\Users\Gulnar\.m2\repository\org\apache\commons\commons-collections4\4.4\commons-collections4-4.4.jar;C:\Users\Gulnar\.m2\repository\joda-time\joda-time\2.12.2\joda-time-2.12.2.jar;C:\Users\Gulnar\.m2\repository\org\apache\commons\commons-lang3\3.12.0\commons-lang3-3.12.0.jar;C:\Users\Gulnar\.m2\repository\commons-io\commons-io\2.7\commons-io-2.7.jar;C:\Users\Gulnar\.m2\repository\org\codehaus\plexus\plexus-utils\3.5.0\plexus-utils-3.5.0.jar;C:\Users\Gulnar\.m2\repository\org\jsoup\jsoup\1.15.4\jsoup-1.15.4.jar;C:\Users\Gulnar\.m2\repository\com\googlecode\owasp-java-html-sanitizer\owasp-java-html-sanitizer\20220608.1\owasp-java-html-sanitizer-20220608.1.jar;C:\Users\Gulnar\.m2\repository\com\google\guava\guava\30.1-jre\guava-30.1-jre.jar;C:\Users\Gulnar\.m2\repository\com\google\guava\failureaccess\1.0.1\failureaccess-1.0.1.jar;C:\Users\Gulnar\.m2\repository\com\google\guava\listenablefuture\9999.0-empty-to-avoid-conflict-with-guava\listenablefuture-9999.0-empty-to-avoid-conflict-with-guava.jar;C:\Users\Gulnar\.m2\repository\com\google\code\findbugs\jsr305\3.0.2\jsr305-3.0.2.jar;C:\Users\Gulnar\.m2\repository\org\checkerframework\checker-qual\3.5.0\checker-qual-3.5.0.jar;C:\Users\Gulnar\.m2\repository\com\google\errorprone\error_prone_annotations\2.3.4\error_prone_annotations-2.3.4.jar;C:\Users\Gulnar\.m2\repository\com\google\j2objc\j2objc-annotations\1.3\j2objc-annotations-1.3.jar;C:\Users\Gulnar\.m2\repository\commons-configuration\commons-configuration\1.10\commons-configuration-1.10.jar;C:\Users\Gulnar\.m2\repository\commons-lang\commons-lang\2.6\commons-lang-2.6.jar;C:\Users\Gulnar\.m2\repository\commons-logging\commons-logging\1.1.1\commons-logging-1.1.1.jar;C:\Users\Gulnar\.m2\repository\org\hamcrest\hamcrest-core\1.3\hamcrest-core-1.3.jar;C:\Users\Gulnar\.m2\repository\junit\junit\4.13.1\junit-4.13.1.jar;C:\Users\Gulnar\.m2\repository\org\seleniumhq\selenium\selenium-java\4.20.0\selenium-java-4.20.0.jar;C:\Users\Gulnar\.m2\repository\org\seleniumhq\selenium\selenium-api\4.20.0\selenium-api-4.20.0.jar;C:\Users\Gulnar\.m2\repository\org\seleniumhq\selenium\selenium-chrome-driver\4.20.0\selenium-chrome-driver-4.20.0.jar;C:\Users\Gulnar\.m2\repository\com\google\auto\service\auto-service-annotations\1.1.1\auto-service-annotations-1.1.1.jar;C:\Users\Gulnar\.m2\repository\org\seleniumhq\selenium\selenium-chromium-driver\4.20.0\selenium-chromium-driver-4.20.0.jar;C:\Users\Gulnar\.m2\repository\org\seleniumhq\selenium\selenium-json\4.20.0\selenium-json-4.20.0.jar;C:\Users\Gulnar\.m2\repository\org\seleniumhq\selenium\selenium-manager\4.20.0\selenium-manager-4.20.0.jar;C:\Users\Gulnar\.m2\repository\org\seleniumhq\selenium\selenium-devtools-v122\4.20.0\selenium-devtools-v122-4.20.0.jar;C:\Users\Gulnar\.m2\repository\org\seleniumhq\selenium\selenium-devtools-v123\4.20.0\selenium-devtools-v123-4.20.0.jar;C:\Users\Gulnar\.m2\repository\org\seleniumhq\selenium\selenium-devtools-v124\4.20.0\selenium-devtools-v124-4.20.0.jar;C:\Users\Gulnar\.m2\repository\org\seleniumhq\selenium\selenium-devtools-v85\4.20.0\selenium-devtools-v85-4.20.0.jar;C:\Users\Gulnar\.m2\repository\org\seleniumhq\selenium\selenium-edge-driver\4.20.0\selenium-edge-driver-4.20.0.jar;C:\Users\Gulnar\.m2\repository\org\seleniumhq\selenium\selenium-firefox-driver\4.20.0\selenium-firefox-driver-4.20.0.jar;C:\Users\Gulnar\.m2\repository\org\seleniumhq\selenium\selenium-http\4.20.0\selenium-http-4.20.0.jar;C:\Users\Gulnar\.m2\repository\dev\failsafe\failsafe\3.3.2\failsafe-3.3.2.jar;C:\Users\Gulnar\.m2\repository\org\seleniumhq\selenium\selenium-ie-driver\4.20.0\selenium-ie-driver-4.20.0.jar;C:\Users\Gulnar\.m2\repository\org\seleniumhq\selenium\selenium-remote-driver\4.20.0\selenium-remote-driver-4.20.0.jar;C:\Users\Gulnar\.m2\repository\io\opentelemetry\semconv\opentelemetry-semconv\1.25.0-alpha\opentelemetry-semconv-1.25.0-alpha.jar;C:\Users\Gulnar\.m2\repository\io\opentelemetry\opentelemetry-api\1.37.0\opentelemetry-api-1.37.0.jar;C:\Users\Gulnar\.m2\repository\io\opentelemetry\opentelemetry-context\1.37.0\opentelemetry-context-1.37.0.jar;C:\Users\Gulnar\.m2\repository\io\opentelemetry\opentelemetry-exporter-logging\1.37.0\opentelemetry-exporter-logging-1.37.0.jar;C:\Users\Gulnar\.m2\repository\io\opentelemetry\opentelemetry-sdk-common\1.37.0\opentelemetry-sdk-common-1.37.0.jar;C:\Users\Gulnar\.m2\repository\io\opentelemetry\opentelemetry-sdk-extension-autoconfigure-spi\1.37.0\opentelemetry-sdk-extension-autoconfigure-spi-1.37.0.jar;C:\Users\Gulnar\.m2\repository\io\opentelemetry\opentelemetry-sdk-extension-autoconfigure\1.37.0\opentelemetry-sdk-extension-autoconfigure-1.37.0.jar;C:\Users\Gulnar\.m2\repository\io\opentelemetry\opentelemetry-api-incubator\1.37.0-alpha\opentelemetry-api-incubator-1.37.0-alpha.jar;C:\Users\Gulnar\.m2\repository\io\opentelemetry\opentelemetry-sdk-trace\1.37.0\opentelemetry-sdk-trace-1.37.0.jar;C:\Users\Gulnar\.m2\repository\io\opentelemetry\opentelemetry-sdk\1.37.0\opentelemetry-sdk-1.37.0.jar;C:\Users\Gulnar\.m2\repository\io\opentelemetry\opentelemetry-sdk-metrics\1.37.0\opentelemetry-sdk-metrics-1.37.0.jar;C:\Users\Gulnar\.m2\repository\io\opentelemetry\opentelemetry-sdk-logs\1.37.0\opentelemetry-sdk-logs-1.37.0.jar;C:\Users\Gulnar\.m2\repository\net\bytebuddy\byte-buddy\1.14.14\byte-buddy-1.14.14.jar;C:\Users\Gulnar\.m2\repository\org\seleniumhq\selenium\selenium-os\4.20.0\selenium-os-4.20.0.jar;C:\Users\Gulnar\.m2\repository\org\apache\commons\commons-exec\1.4.0\commons-exec-1.4.0.jar;C:\Users\Gulnar\.m2\repository\org\seleniumhq\selenium\selenium-safari-driver\4.20.0\selenium-safari-driver-4.20.0.jar;C:\Users\Gulnar\.m2\repository\org\seleniumhq\selenium\selenium-support\4.20.0\selenium-support-4.20.0.jar;C:\JARS\tools.jar;C:\Users\Gulnar\.m2\repository\log4j\log4j\1.2.14\log4j-1.2.14.jar;"/>
    <property name="sun.cpu.endian" value="little"/>
    <property name="user.home" value="C:\Users\Gulnar"/>
    <property name="user.language" value="en"/>
    <property name="java.specification.vendor" value="Oracle Corporation"/>
    <property name="java.version.date" value="2022-08-12"/>
    <property name="java.home" value="D:\ECLIPSE NEW VERSION\eclipse\plugins\org.eclipse.justj.openjdk.hotspot.jre.full.win32.x86_64_17.0.4.v20220903-1038\jre"/>
    <property name="file.separator" value="\"/>
    <property name="style.color" value="always"/>
    <property name="basedir" value="C:\Users\Gulnar\Desktop\Automation Notes\FRAMEWORK IMPLEMENTED_VERY_VERY_IMP\BDD CUCUMBER PROJECT 1\COMPLETE PROJECTS CODE"/>
    <property name="java.vm.compressedOopsMode" value="32-bit"/>
    <property name="line.separator" value="&#10;"/>
    <property name="java.vm.specification.vendor" value="Oracle Corporation"/>
    <property name="java.specification.name" value="Java Platform API Specification"/>
    <property name="surefire.real.class.path" value="C:\Users\Gulnar\AppData\Local\Temp\surefire13463081756806137371\surefirebooter-20240829141408223_3.jar"/>
    <property name="user.script" value=""/>
    <property name="sun.management.compiler" value="HotSpot 64-Bit Tiered Compilers"/>
    <property name="java.runtime.version" value="17.0.4.1+1"/>
    <property name="user.name" value="Gulnar"/>
    <property name="path.separator" value=";"/>
    <property name="os.version" value="10.0"/>
    <property name="java.runtime.name" value="OpenJDK Runtime Environment"/>
    <property name="file.encoding" value="Cp1252"/>
    <property name="java.vm.name" value="OpenJDK 64-Bit Server VM"/>
    <property name="java.vendor.version" value="Temurin-17.0.4.1+1"/>
    <property name="localRepository" value="C:\Users\Gulnar\.m2\repository"/>
    <property name="java.vendor.url.bug" value="https://github.com/adoptium/adoptium-support/issues"/>
    <property name="java.io.tmpdir" value="C:\Users\Gulnar\AppData\Local\Temp\"/>
    <property name="java.version" value="17.0.4.1"/>
    <property name="user.dir" value="C:\Users\Gulnar\Desktop\Automation Notes\FRAMEWORK IMPLEMENTED_VERY_VERY_IMP\BDD CUCUMBER PROJECT 1\COMPLETE PROJECTS CODE"/>
    <property name="os.arch" value="amd64"/>
    <property name="java.vm.specification.name" value="Java Virtual Machine Specification"/>
    <property name="sun.os.patch.level" value=""/>
    <property name="native.encoding" value="Cp1252"/>
    <property name="java.library.path" value="D:\ECLIPSE NEW VERSION\eclipse\plugins\org.eclipse.justj.openjdk.hotspot.jre.full.win32.x86_64_17.0.4.v20220903-1038\jre\bin;C:\WINDOWS\Sun\Java\bin;C:\WINDOWS\system32;C:\WINDOWS;C:/Users/Gulnar/Desktop/ECLIPSE NEW VERSION/eclipse//plugins/org.eclipse.justj.openjdk.hotspot.jre.full.win32.x86_64_17.0.4.v20220903-1038/jre/bin/server;C:/Users/Gulnar/Desktop/ECLIPSE NEW VERSION/eclipse//plugins/org.eclipse.justj.openjdk.hotspot.jre.full.win32.x86_64_17.0.4.v20220903-1038/jre/bin;C:\Program Files\Java\jdk-17\bin;C:\Program Files\Java\jdk-17\bin;C:\Program Files\Java\jdk-22\bin;C:\Program Files\Common Files\Oracle\Java\javapath;C:\Program Files\Java\jdk1.8.0_301\bin;C:\Program Files\Java\jdk-17\bin;C:\WINDOWS\system32;C:\WINDOWS;C:\WINDOWS\System32\Wbem;C:\WINDOWS\System32\WindowsPowerShell\v1.0\;C:\WINDOWS\System32\OpenSSH\;C:\Program Files\Azure Data Studio\bin;C:\Users\Gulnar\Desktop\API Testing\axis2-1.6.2\bin;C:\Program Files\Java\jdk1.8.0_301\bin;C:\Program Files\Java\jre1.8.0_301\bin;C:\Program Files (x86)\Microsoft SQL Server\160\DTS\Binn\;C:\Program Files\apache-maven-3.9.7\bin;C:\JARS\geckodriver.exe;C:\Program Files\Git\cmd;C:\Program Files\MySQL\MySQL Shell 8.0\bin\;C:\Users\Gulnar\AppData\Local\Microsoft\WindowsApps;C:\Program Files\JetBrains\IntelliJ IDEA Community Edition 2021.2\bin;;C:\Program Files\Azure Data Studio\bin;C:\Users\Gulnar\AppData\Local\GitHubDesktop\bin;C:\Users\Gulnar\Desktop\ECLIPSE NEW VERSION\eclipse;;."/>
    <property name="java.vm.info" value="mixed mode"/>
    <property name="java.vendor" value="Eclipse Adoptium"/>
    <property name="java.vm.version" value="17.0.4.1+1"/>
    <property name="sun.io.unicode.encoding" value="UnicodeLittle"/>
    <property name="java.class.version" value="61.0"/>
  </properties>
  <testcase name="Successfull login with Bank Manager Login #1" classname="Bank Manager Login" time="5.889">
    <system-out><![CDATA[
@sanity
Scenario Outline: Successfull login with Bank Manager Login                                    &amp#27;[90m# FEATURE/Bank Manager Login.feature:18&amp#27;[0m
INFO    2024-08-29 14:14:13,470 [main] STEPS.STEPS  - ********LaunchingBrowser*********
  &amp#27;[32mGiven &amp#27;[0m&amp#27;[32mUser launch the browser&amp#27;[0m                                                                &amp#27;[90m# STEPS.STEPS.user_launch_the_browser()&amp#27;[0m
INFO    2024-08-29 14:14:14,298 [main] STEPS.STEPS  - ********open the URL*********
  &amp#27;[32mWhen &amp#27;[0m&amp#27;[32mUser open the URL &amp#27;[0m&amp#27;[32m&amp#27;[1m"https://www.way2automation.com/angularjs-protractor/banking/#/login"&amp#27;[0m &amp#27;[90m# STEPS.STEPS.user_open_the_url(java.lang.String)&amp#27;[0m
INFO    2024-08-29 14:14:14,390 [main] STEPS.STEPS  - ********user_click_bank_manager_login********
INFO    2024-08-29 14:14:14,535 [main] STEPS.STEPS  - ********click_Navigate_Customer********
  &amp#27;[32mWhen &amp#27;[0m&amp#27;[32mUser click BankManager login&amp#27;[0m                                                            &amp#27;[90m# STEPS.STEPS.user_click_bank_manager_login()&amp#27;[0m
INFO    2024-08-29 14:14:14,984 [main] STEPS.STEPS  - ********user_enter_theFirst,LastName&Postal*********
  &amp#27;[32mAnd &amp#27;[0m&amp#27;[32mUser  Enter the &amp#27;[0m&amp#27;[32m&amp#27;[1m"Tom"&amp#27;[0m&amp#27;[32m,&amp#27;[0m&amp#27;[32m&amp#27;[1m"Riddle"&amp#27;[0m&amp#27;[32m,&amp#27;[0m&amp#27;[32m&amp#27;[1m"234567"&amp#27;[0m                                                  &amp#27;[90m# STEPS.STEPS.user_enter_the(java.lang.String,java.lang.String,java.lang.String)&amp#27;[0m
INFO    2024-08-29 14:14:15,049 [main] STEPS.STEPS  - ********user_click_add_customer_button********
  &amp#27;[32mAnd &amp#27;[0m&amp#27;[32mUser click Add Customer button&amp#27;[0m                                                           &amp#27;[90m# STEPS.STEPS.user_click_add_customer_button()&amp#27;[0m
INFO    2024-08-29 14:14:15,126 [main] STEPS.STEPS  - ********user_navigate_to_open_account********
  &amp#27;[32mThen &amp#27;[0m&amp#27;[32mUser Navigate to Open Account&amp#27;[0m                                                           &amp#27;[90m# STEPS.STEPS.user_navigate_to_open_account()&amp#27;[0m
INFO    2024-08-29 14:14:15,475 [main] STEPS.STEPS  - ********user_enter_theCustomerName********
INFO    2024-08-29 14:14:15,544 [main] STEPS.STEPS  - ********user_enter_thecurrency********
  &amp#27;[32mAnd &amp#27;[0m&amp#27;[32mUser Enter the &amp#27;[0m&amp#27;[32m&amp#27;[1m"Harry Potter"&amp#27;[0m&amp#27;[32m &&amp#27;[0m&amp#27;[32m&amp#27;[1m"Dollar"&amp#27;[0m                                                  &amp#27;[90m# STEPS.STEPS.user_enter_the(java.lang.String,java.lang.String)&amp#27;[0m
INFO    2024-08-29 14:14:15,593 [main] STEPS.STEPS  - ********user_click_process_button********
INFO    2024-08-29 14:14:15,599 [main] STEPS.STEPS  - ********user_click_Alert_button********
  &amp#27;[32mAnd &amp#27;[0m&amp#27;[32mUser click Process button&amp#27;[0m                                                                &amp#27;[90m# STEPS.STEPS.user_click_process_button()&amp#27;[0m
INFO    2024-08-29 14:14:15,656 [main] STEPS.STEPS  - ********user_navigate_to_customer_page********
Enter the Random Email Address are =aQFOZ@gmail.com
  &amp#27;[32mAnd &amp#27;[0m&amp#27;[32mUser navigate to customer Page&amp#27;[0m                                                           &amp#27;[90m# STEPS.STEPS.user_navigate_to_customer_page()&amp#27;[0m
INFO    2024-08-29 14:14:15,658 [main] STEPS.STEPS  - ********closingBrowser********
  &amp#27;[32mAnd &amp#27;[0m&amp#27;[32mclose Browser&amp#27;[0m                                                                            &amp#27;[90m# STEPS.STEPS.close_browser()&amp#27;[0m
]]></system-out>
    <system-err><![CDATA[Aug 29, 2024 2:14:13 PM org.openqa.selenium.devtools.CdpVersionFinder findNearestMatch
WARNING: Unable to find an exact match for CDP version 128, returning the closest version; found: 124; Please update to a Selenium version that supports CDP version 128
log4j:ERROR Could not find value for key log4j.appender.Appender
log4j:ERROR Could not instantiate appender named "Appender".
]]></system-err>
  </testcase>
  <testcase name="Successfull login with Bank Manager Login #2" classname="Bank Manager Login" time="2.95">
    <system-out><![CDATA[
@sanity
Scenario Outline: Successfull login with Bank Manager Login                                    &amp#27;[90m# FEATURE/Bank Manager Login.feature:19&amp#27;[0m
INFO    2024-08-29 14:14:16,736 [main] STEPS.STEPS  - ********LaunchingBrowser*********
  &amp#27;[32mGiven &amp#27;[0m&amp#27;[32mUser launch the browser&amp#27;[0m                                                                &amp#27;[90m# STEPS.STEPS.user_launch_the_browser()&amp#27;[0m
INFO    2024-08-29 14:14:17,389 [main] STEPS.STEPS  - ********open the URL*********
  &amp#27;[32mWhen &amp#27;[0m&amp#27;[32mUser open the URL &amp#27;[0m&amp#27;[32m&amp#27;[1m"https://www.way2automation.com/angularjs-protractor/banking/#/login"&amp#27;[0m &amp#27;[90m# STEPS.STEPS.user_open_the_url(java.lang.String)&amp#27;[0m
INFO    2024-08-29 14:14:17,450 [main] STEPS.STEPS  - ********user_click_bank_manager_login********
INFO    2024-08-29 14:14:17,570 [main] STEPS.STEPS  - ********click_Navigate_Customer********
  &amp#27;[32mWhen &amp#27;[0m&amp#27;[32mUser click BankManager login&amp#27;[0m                                                            &amp#27;[90m# STEPS.STEPS.user_click_bank_manager_login()&amp#27;[0m
INFO    2024-08-29 14:14:18,141 [main] STEPS.STEPS  - ********user_enter_theFirst,LastName&Postal*********
  &amp#27;[32mAnd &amp#27;[0m&amp#27;[32mUser  Enter the &amp#27;[0m&amp#27;[32m&amp#27;[1m"Professor"&amp#27;[0m&amp#27;[32m,&amp#27;[0m&amp#27;[32m&amp#27;[1m"Severus Snape"&amp#27;[0m&amp#27;[32m,&amp#27;[0m&amp#27;[32m&amp#27;[1m"1234444"&amp#27;[0m                                    &amp#27;[90m# STEPS.STEPS.user_enter_the(java.lang.String,java.lang.String,java.lang.String)&amp#27;[0m
INFO    2024-08-29 14:14:18,204 [main] STEPS.STEPS  - ********user_click_add_customer_button********
  &amp#27;[32mAnd &amp#27;[0m&amp#27;[32mUser click Add Customer button&amp#27;[0m                                                           &amp#27;[90m# STEPS.STEPS.user_click_add_customer_button()&amp#27;[0m
INFO    2024-08-29 14:14:18,268 [main] STEPS.STEPS  - ********user_navigate_to_open_account********
  &amp#27;[32mThen &amp#27;[0m&amp#27;[32mUser Navigate to Open Account&amp#27;[0m                                                           &amp#27;[90m# STEPS.STEPS.user_navigate_to_open_account()&amp#27;[0m
INFO    2024-08-29 14:14:18,450 [main] STEPS.STEPS  - ********user_enter_theCustomerName********
INFO    2024-08-29 14:14:18,519 [main] STEPS.STEPS  - ********user_enter_thecurrency********
  &amp#27;[32mAnd &amp#27;[0m&amp#27;[32mUser Enter the &amp#27;[0m&amp#27;[32m&amp#27;[1m"Hermoine Granger"&amp#27;[0m&amp#27;[32m &&amp#27;[0m&amp#27;[32m&amp#27;[1m"Rupee"&amp#27;[0m                                               &amp#27;[90m# STEPS.STEPS.user_enter_the(java.lang.String,java.lang.String)&amp#27;[0m
INFO    2024-08-29 14:14:18,567 [main] STEPS.STEPS  - ********user_click_process_button********
INFO    2024-08-29 14:14:18,574 [main] STEPS.STEPS  - ********user_click_Alert_button********
  &amp#27;[32mAnd &amp#27;[0m&amp#27;[32mUser click Process button&amp#27;[0m                                                                &amp#27;[90m# STEPS.STEPS.user_click_process_button()&amp#27;[0m
INFO    2024-08-29 14:14:18,622 [main] STEPS.STEPS  - ********user_navigate_to_customer_page********
Enter the Random Email Address are =ZhUaZ@gmail.com
  &amp#27;[32mAnd &amp#27;[0m&amp#27;[32mUser navigate to customer Page&amp#27;[0m                                                           &amp#27;[90m# STEPS.STEPS.user_navigate_to_customer_page()&amp#27;[0m
INFO    2024-08-29 14:14:18,622 [main] STEPS.STEPS  - ********closingBrowser********
  &amp#27;[32mAnd &amp#27;[0m&amp#27;[32mclose Browser&amp#27;[0m                                                                            &amp#27;[90m# STEPS.STEPS.close_browser()&amp#27;[0m
]]></system-out>
    <system-err><![CDATA[Aug 29, 2024 2:14:16 PM org.openqa.selenium.devtools.CdpVersionFinder findNearestMatch
WARNING: Unable to find an exact match for CDP version 128, returning the closest version; found: 124; Please update to a Selenium version that supports CDP version 128
log4j:ERROR Could not find value for key log4j.appender.Appender
log4j:ERROR Could not instantiate appender named "Appender".
]]></system-err>
  </testcase>
  <testcase name="Successfull login with valid credentials" classname="Login to Application" time="2.857">
    <system-out><![CDATA[
@Regression
Scenario: Successfull login with valid credentials                                             &amp#27;[90m# FEATURE/LOGIN.feature:3&amp#27;[0m
INFO    2024-08-29 14:14:19,665 [main] STEPS.STEPS  - ********LaunchingBrowser*********
  &amp#27;[32mGiven &amp#27;[0m&amp#27;[32mUser launch the browser&amp#27;[0m                                                                &amp#27;[90m# STEPS.STEPS.user_launch_the_browser()&amp#27;[0m
INFO    2024-08-29 14:14:20,227 [main] STEPS.STEPS  - ********open the URL*********
  &amp#27;[32mWhen &amp#27;[0m&amp#27;[32mUser open the URL &amp#27;[0m&amp#27;[32m&amp#27;[1m"https://www.way2automation.com/angularjs-protractor/banking/#/login"&amp#27;[0m &amp#27;[90m# STEPS.STEPS.user_open_the_url(java.lang.String)&amp#27;[0m
INFO    2024-08-29 14:14:20,293 [main] STEPS.STEPS  - ********user_select_customer_login*********
  &amp#27;[32mAnd &amp#27;[0m&amp#27;[32mUser select customer login&amp#27;[0m                                                               &amp#27;[90m# STEPS.STEPS.user_select_customer_login()&amp#27;[0m
INFO    2024-08-29 14:14:20,941 [main] STEPS.STEPS  - ********user_select_the_name_*********
  &amp#27;[32mAnd &amp#27;[0m&amp#27;[32mUser Select the  Name such as &amp#27;[0m&amp#27;[32m&amp#27;[1m"Albus Dumbledore"&amp#27;[0m                                         &amp#27;[90m# STEPS.STEPS.user_select_the_name_such_as(java.lang.String)&amp#27;[0m
INFO    2024-08-29 14:14:20,990 [main] STEPS.STEPS  - ********user_click_the_deposit_button********
  &amp#27;[32mAnd &amp#27;[0m&amp#27;[32mUser click the Deposit   button&amp#27;[0m                                                          &amp#27;[90m# STEPS.STEPS.user_click_the_deposit_button()&amp#27;[0m
INFO    2024-08-29 14:14:21,168 [main] STEPS.STEPS  - ********user_enter_amount_that_need_to_be_deposited********
INFO    2024-08-29 14:14:21,359 [main] STEPS.STEPS  - ********check_customerloginsr********
  &amp#27;[32mAnd &amp#27;[0m&amp#27;[32mUser enter  amount that need to be Deposited as &amp#27;[0m&amp#27;[32m&amp#27;[1m2000&amp#27;[0m                                     &amp#27;[90m# STEPS.STEPS.user_enter_amount_that_need_to_be_deposited_as(java.lang.Integer)&amp#27;[0m
INFO    2024-08-29 14:14:21,411 [main] STEPS.STEPS  - ********User click Deposit button*******
  &amp#27;[32mAnd &amp#27;[0m&amp#27;[32mUser click Deposit button&amp#27;[0m                                                                &amp#27;[90m# STEPS.STEPS.user_click_deposit_button()&amp#27;[0m
INFO    2024-08-29 14:14:21,432 [main] STEPS.STEPS  - ********user_validate_amount********
  &amp#27;[32mThen &amp#27;[0m&amp#27;[32muser validate amount is  deposited or not&amp#27;[0m                                               &amp#27;[90m# STEPS.STEPS.user_validate_amount_is_deposited_or_not()&amp#27;[0m
INFO    2024-08-29 14:14:21,480 [main] STEPS.STEPS  - ********user_navigate_to_home_login_pager********
  &amp#27;[32mWhen &amp#27;[0m&amp#27;[32mUser Navigate to Home login Page&amp#27;[0m                                                        &amp#27;[90m# STEPS.STEPS.user_navigate_to_home_login_page()&amp#27;[0m
INFO    2024-08-29 14:14:21,481 [main] STEPS.STEPS  - ********page_title********
The title of page is Protractor practice website - Banking App
  &amp#27;[32mThen &amp#27;[0m&amp#27;[32mPage Title should be  &amp#27;[0m&amp#27;[32m&amp#27;[1m"Protractor practice website - Banking App"&amp#27;[0m                       &amp#27;[90m# STEPS.STEPS.page_title_should_be(java.lang.String)&amp#27;[0m
INFO    2024-08-29 14:14:21,486 [main] STEPS.STEPS  - ********closingBrowser********
  &amp#27;[32mAnd &amp#27;[0m&amp#27;[32mclose Browser&amp#27;[0m                                                                            &amp#27;[90m# STEPS.STEPS.close_browser()&amp#27;[0m
]]></system-out>
    <system-err><![CDATA[Aug 29, 2024 2:14:19 PM org.openqa.selenium.devtools.CdpVersionFinder findNearestMatch
WARNING: Unable to find an exact match for CDP version 128, returning the closest version; found: 124; Please update to a Selenium version that supports CDP version 128
log4j:ERROR Could not find value for key log4j.appender.Appender
log4j:ERROR Could not instantiate appender named "Appender".
]]></system-err>
  </testcase>
  <testcase name="Successfull login #1" classname="Login to Application" time="2.771">
    <system-out><![CDATA[
@sanity
Scenario Outline: Successfull login                                                            &amp#27;[90m# FEATURE/LOGIN.feature:33&amp#27;[0m
INFO    2024-08-29 14:14:22,515 [main] STEPS.STEPS  - ********LaunchingBrowser*********
  &amp#27;[32mGiven &amp#27;[0m&amp#27;[32mUser launch the browser&amp#27;[0m                                                                &amp#27;[90m# STEPS.STEPS.user_launch_the_browser()&amp#27;[0m
INFO    2024-08-29 14:14:23,117 [main] STEPS.STEPS  - ********open the URL*********
  &amp#27;[32mWhen &amp#27;[0m&amp#27;[32mUser open the URL &amp#27;[0m&amp#27;[32m&amp#27;[1m"https://www.way2automation.com/angularjs-protractor/banking/#/login"&amp#27;[0m &amp#27;[90m# STEPS.STEPS.user_open_the_url(java.lang.String)&amp#27;[0m
INFO    2024-08-29 14:14:23,180 [main] STEPS.STEPS  - ********user_select_customer_login*********
  &amp#27;[32mAnd &amp#27;[0m&amp#27;[32mUser select customer login&amp#27;[0m                                                               &amp#27;[90m# STEPS.STEPS.user_select_customer_login()&amp#27;[0m
INFO    2024-08-29 14:14:23,803 [main] STEPS.STEPS  - ********user_select_the_name_*********
  &amp#27;[32mAnd &amp#27;[0m&amp#27;[32mUser Select the  Name such as &amp#27;[0m&amp#27;[32m&amp#27;[1m"Harry Potter"&amp#27;[0m                                             &amp#27;[90m# STEPS.STEPS.user_select_the_name_such_as(java.lang.String)&amp#27;[0m
INFO    2024-08-29 14:14:23,856 [main] STEPS.STEPS  - ********user_click_the_deposit_button********
  &amp#27;[32mAnd &amp#27;[0m&amp#27;[32mUser click the Deposit   button&amp#27;[0m                                                          &amp#27;[90m# STEPS.STEPS.user_click_the_deposit_button()&amp#27;[0m
INFO    2024-08-29 14:14:23,966 [main] STEPS.STEPS  - ********user_enter_amount_that_need_to_be_deposited********
INFO    2024-08-29 14:14:24,108 [main] STEPS.STEPS  - ********check_customerloginsr********
  &amp#27;[32mAnd &amp#27;[0m&amp#27;[32mUser enter  amount that need to be Deposited as &amp#27;[0m&amp#27;[32m&amp#27;[1m1000&amp#27;[0m                                     &amp#27;[90m# STEPS.STEPS.user_enter_amount_that_need_to_be_deposited_as(java.lang.Integer)&amp#27;[0m
INFO    2024-08-29 14:14:24,164 [main] STEPS.STEPS  - ********User click Deposit button*******
  &amp#27;[32mAnd &amp#27;[0m&amp#27;[32mUser click Deposit button&amp#27;[0m                                                                &amp#27;[90m# STEPS.STEPS.user_click_deposit_button()&amp#27;[0m
INFO    2024-08-29 14:14:24,184 [main] STEPS.STEPS  - ********user_validate_amount********
  &amp#27;[32mThen &amp#27;[0m&amp#27;[32muser validate amount is  deposited or not&amp#27;[0m                                               &amp#27;[90m# STEPS.STEPS.user_validate_amount_is_deposited_or_not()&amp#27;[0m
INFO    2024-08-29 14:14:24,235 [main] STEPS.STEPS  - ********user_navigate_to_home_login_pager********
  &amp#27;[32mWhen &amp#27;[0m&amp#27;[32mUser Navigate to Home login Page&amp#27;[0m                                                        &amp#27;[90m# STEPS.STEPS.user_navigate_to_home_login_page()&amp#27;[0m
INFO    2024-08-29 14:14:24,236 [main] STEPS.STEPS  - ********page_title********
The title of page is Protractor practice website - Banking App
  &amp#27;[32mThen &amp#27;[0m&amp#27;[32mPage Title should be  &amp#27;[0m&amp#27;[32m&amp#27;[1m"Protractor practice website - Banking App"&amp#27;[0m                       &amp#27;[90m# STEPS.STEPS.page_title_should_be(java.lang.String)&amp#27;[0m
INFO    2024-08-29 14:14:24,241 [main] STEPS.STEPS  - ********closingBrowser********
  &amp#27;[32mAnd &amp#27;[0m&amp#27;[32mclose Browser&amp#27;[0m                                                                            &amp#27;[90m# STEPS.STEPS.close_browser()&amp#27;[0m
]]></system-out>
    <system-err><![CDATA[Aug 29, 2024 2:14:22 PM org.openqa.selenium.devtools.CdpVersionFinder findNearestMatch
WARNING: Unable to find an exact match for CDP version 128, returning the closest version; found: 124; Please update to a Selenium version that supports CDP version 128
log4j:ERROR Could not find value for key log4j.appender.Appender
log4j:ERROR Could not instantiate appender named "Appender".
]]></system-err>
  </testcase>
  <testcase name="Successfull login #2" classname="Login to Application" time="2.726">
    <system-out><![CDATA[
@sanity
Scenario Outline: Successfull login                                                            &amp#27;[90m# FEATURE/LOGIN.feature:34&amp#27;[0m
INFO    2024-08-29 14:14:25,310 [main] STEPS.STEPS  - ********LaunchingBrowser*********
  &amp#27;[32mGiven &amp#27;[0m&amp#27;[32mUser launch the browser&amp#27;[0m                                                                &amp#27;[90m# STEPS.STEPS.user_launch_the_browser()&amp#27;[0m
INFO    2024-08-29 14:14:25,878 [main] STEPS.STEPS  - ********open the URL*********
  &amp#27;[32mWhen &amp#27;[0m&amp#27;[32mUser open the URL &amp#27;[0m&amp#27;[32m&amp#27;[1m"https://www.way2automation.com/angularjs-protractor/banking/#/login"&amp#27;[0m &amp#27;[90m# STEPS.STEPS.user_open_the_url(java.lang.String)&amp#27;[0m
INFO    2024-08-29 14:14:25,932 [main] STEPS.STEPS  - ********user_select_customer_login*********
  &amp#27;[32mAnd &amp#27;[0m&amp#27;[32mUser select customer login&amp#27;[0m                                                               &amp#27;[90m# STEPS.STEPS.user_select_customer_login()&amp#27;[0m
INFO    2024-08-29 14:14:26,552 [main] STEPS.STEPS  - ********user_select_the_name_*********
  &amp#27;[32mAnd &amp#27;[0m&amp#27;[32mUser Select the  Name such as &amp#27;[0m&amp#27;[32m&amp#27;[1m"Hermoine Granger"&amp#27;[0m                                         &amp#27;[90m# STEPS.STEPS.user_select_the_name_such_as(java.lang.String)&amp#27;[0m
INFO    2024-08-29 14:14:26,603 [main] STEPS.STEPS  - ********user_click_the_deposit_button********
  &amp#27;[32mAnd &amp#27;[0m&amp#27;[32mUser click the Deposit   button&amp#27;[0m                                                          &amp#27;[90m# STEPS.STEPS.user_click_the_deposit_button()&amp#27;[0m
INFO    2024-08-29 14:14:26,726 [main] STEPS.STEPS  - ********user_enter_amount_that_need_to_be_deposited********
INFO    2024-08-29 14:14:26,849 [main] STEPS.STEPS  - ********check_customerloginsr********
  &amp#27;[32mAnd &amp#27;[0m&amp#27;[32mUser enter  amount that need to be Deposited as &amp#27;[0m&amp#27;[32m&amp#27;[1m90000&amp#27;[0m                                    &amp#27;[90m# STEPS.STEPS.user_enter_amount_that_need_to_be_deposited_as(java.lang.Integer)&amp#27;[0m
INFO    2024-08-29 14:14:26,903 [main] STEPS.STEPS  - ********User click Deposit button*******
  &amp#27;[32mAnd &amp#27;[0m&amp#27;[32mUser click Deposit button&amp#27;[0m                                                                &amp#27;[90m# STEPS.STEPS.user_click_deposit_button()&amp#27;[0m
INFO    2024-08-29 14:14:26,923 [main] STEPS.STEPS  - ********user_validate_amount********
  &amp#27;[32mThen &amp#27;[0m&amp#27;[32muser validate amount is  deposited or not&amp#27;[0m                                               &amp#27;[90m# STEPS.STEPS.user_validate_amount_is_deposited_or_not()&amp#27;[0m
INFO    2024-08-29 14:14:26,970 [main] STEPS.STEPS  - ********user_navigate_to_home_login_pager********
  &amp#27;[32mWhen &amp#27;[0m&amp#27;[32mUser Navigate to Home login Page&amp#27;[0m                                                        &amp#27;[90m# STEPS.STEPS.user_navigate_to_home_login_page()&amp#27;[0m
INFO    2024-08-29 14:14:26,971 [main] STEPS.STEPS  - ********page_title********
The title of page is Protractor practice website - Banking App
  &amp#27;[32mThen &amp#27;[0m&amp#27;[32mPage Title should be  &amp#27;[0m&amp#27;[32m&amp#27;[1m"Protractor practice website - Banking App"&amp#27;[0m                       &amp#27;[90m# STEPS.STEPS.page_title_should_be(java.lang.String)&amp#27;[0m
INFO    2024-08-29 14:14:26,976 [main] STEPS.STEPS  - ********closingBrowser********
  &amp#27;[32mAnd &amp#27;[0m&amp#27;[32mclose Browser&amp#27;[0m                                                                            &amp#27;[90m# STEPS.STEPS.close_browser()&amp#27;[0m
]]></system-out>
    <system-err><![CDATA[Aug 29, 2024 2:14:25 PM org.openqa.selenium.devtools.CdpVersionFinder findNearestMatch
WARNING: Unable to find an exact match for CDP version 128, returning the closest version; found: 124; Please update to a Selenium version that supports CDP version 128
log4j:ERROR Could not find value for key log4j.appender.Appender
log4j:ERROR Could not instantiate appender named "Appender".
]]></system-err>
  </testcase>
  <testcase name="Successfull login #3" classname="Login to Application" time="2.794">
    <system-out><![CDATA[
@sanity
Scenario Outline: Successfull login                                                            &amp#27;[90m# FEATURE/LOGIN.feature:35&amp#27;[0m
INFO    2024-08-29 14:14:27,977 [main] STEPS.STEPS  - ********LaunchingBrowser*********
  &amp#27;[32mGiven &amp#27;[0m&amp#27;[32mUser launch the browser&amp#27;[0m                                                                &amp#27;[90m# STEPS.STEPS.user_launch_the_browser()&amp#27;[0m
INFO    2024-08-29 14:14:28,505 [main] STEPS.STEPS  - ********open the URL*********
  &amp#27;[32mWhen &amp#27;[0m&amp#27;[32mUser open the URL &amp#27;[0m&amp#27;[32m&amp#27;[1m"https://www.way2automation.com/angularjs-protractor/banking/#/login"&amp#27;[0m &amp#27;[90m# STEPS.STEPS.user_open_the_url(java.lang.String)&amp#27;[0m
INFO    2024-08-29 14:14:28,597 [main] STEPS.STEPS  - ********user_select_customer_login*********
  &amp#27;[32mAnd &amp#27;[0m&amp#27;[32mUser select customer login&amp#27;[0m                                                               &amp#27;[90m# STEPS.STEPS.user_select_customer_login()&amp#27;[0m
INFO    2024-08-29 14:14:29,255 [main] STEPS.STEPS  - ********user_select_the_name_*********
  &amp#27;[32mAnd &amp#27;[0m&amp#27;[32mUser Select the  Name such as &amp#27;[0m&amp#27;[32m&amp#27;[1m"Ron Weasly"&amp#27;[0m                                               &amp#27;[90m# STEPS.STEPS.user_select_the_name_such_as(java.lang.String)&amp#27;[0m
INFO    2024-08-29 14:14:29,313 [main] STEPS.STEPS  - ********user_click_the_deposit_button********
  &amp#27;[32mAnd &amp#27;[0m&amp#27;[32mUser click the Deposit   button&amp#27;[0m                                                          &amp#27;[90m# STEPS.STEPS.user_click_the_deposit_button()&amp#27;[0m
INFO    2024-08-29 14:14:29,447 [main] STEPS.STEPS  - ********user_enter_amount_that_need_to_be_deposited********
INFO    2024-08-29 14:14:29,596 [main] STEPS.STEPS  - ********check_customerloginsr********
  &amp#27;[32mAnd &amp#27;[0m&amp#27;[32mUser enter  amount that need to be Deposited as &amp#27;[0m&amp#27;[32m&amp#27;[1m8700&amp#27;[0m                                     &amp#27;[90m# STEPS.STEPS.user_enter_amount_that_need_to_be_deposited_as(java.lang.Integer)&amp#27;[0m
INFO    2024-08-29 14:14:29,658 [main] STEPS.STEPS  - ********User click Deposit button*******
  &amp#27;[32mAnd &amp#27;[0m&amp#27;[32mUser click Deposit button&amp#27;[0m                                                                &amp#27;[90m# STEPS.STEPS.user_click_deposit_button()&amp#27;[0m
INFO    2024-08-29 14:14:29,683 [main] STEPS.STEPS  - ********user_validate_amount********
  &amp#27;[32mThen &amp#27;[0m&amp#27;[32muser validate amount is  deposited or not&amp#27;[0m                                               &amp#27;[90m# STEPS.STEPS.user_validate_amount_is_deposited_or_not()&amp#27;[0m
INFO    2024-08-29 14:14:29,748 [main] STEPS.STEPS  - ********user_navigate_to_home_login_pager********
  &amp#27;[32mWhen &amp#27;[0m&amp#27;[32mUser Navigate to Home login Page&amp#27;[0m                                                        &amp#27;[90m# STEPS.STEPS.user_navigate_to_home_login_page()&amp#27;[0m
INFO    2024-08-29 14:14:29,749 [main] STEPS.STEPS  - ********page_title********
The title of page is Protractor practice website - Banking App
  &amp#27;[32mThen &amp#27;[0m&amp#27;[32mPage Title should be  &amp#27;[0m&amp#27;[32m&amp#27;[1m"Protractor practice website - Banking App"&amp#27;[0m                       &amp#27;[90m# STEPS.STEPS.page_title_should_be(java.lang.String)&amp#27;[0m
INFO    2024-08-29 14:14:29,755 [main] STEPS.STEPS  - ********closingBrowser********
  &amp#27;[32mAnd &amp#27;[0m&amp#27;[32mclose Browser&amp#27;[0m                                                                            &amp#27;[90m# STEPS.STEPS.close_browser()&amp#27;[0m
]]></system-out>
    <system-err><![CDATA[Aug 29, 2024 2:14:27 PM org.openqa.selenium.devtools.CdpVersionFinder findNearestMatch
WARNING: Unable to find an exact match for CDP version 128, returning the closest version; found: 124; Please update to a Selenium version that supports CDP version 128
log4j:ERROR Could not find value for key log4j.appender.Appender
log4j:ERROR Could not instantiate appender named "Appender".
]]></system-err>
  </testcase>
</testsuite>